[    0.000000] Initializing cgroup subsys cpuset
[    0.000000] Initializing cgroup subsys cpu
[    0.000000] Initializing cgroup subsys cpuacct
[    0.000000] Linux version 4.4.0-170-generic (buildd@lcy01-amd64-019) (gcc version 5.4.0 20160609 (Ubuntu 5.4.0-6ubuntu1~16.04.12) ) #199-Ubuntu SMP Thu Nov 14 01:45:04 UTC 2019 (Ubuntu 4.4.0-170.199-generic 4.4.200)
[    0.000000] Command line: BOOT_IMAGE=/boot/vmlinuz-4.4.0-170-generic root=LABEL=cloudimg-rootfs ro console=tty1 console=ttyS0
[    0.000000] KERNEL supported cpus:
[    0.000000]   Intel GenuineIntel
[    0.000000]   AMD AuthenticAMD
[    0.000000]   Centaur CentaurHauls
[    0.000000] x86/fpu: xstate_offset[2]:  576, xstate_sizes[2]:  256
[    0.000000] x86/fpu: Supporting XSAVE feature 0x01: 'x87 floating point registers'
[    0.000000] x86/fpu: Supporting XSAVE feature 0x02: 'SSE registers'
[    0.000000] x86/fpu: Supporting XSAVE feature 0x04: 'AVX registers'
[    0.000000] x86/fpu: Enabled xstate features 0x7, context size is 832 bytes, using 'standard' format.
[    0.000000] e820: BIOS-provided physical RAM map:
[    0.000000] BIOS-e820: [mem 0x0000000000000000-0x000000000009fbff] usable
[    0.000000] BIOS-e820: [mem 0x000000000009fc00-0x000000000009ffff] reserved
[    0.000000] BIOS-e820: [mem 0x00000000000f0000-0x00000000000fffff] reserved
[    0.000000] BIOS-e820: [mem 0x0000000000100000-0x000000003ffeffff] usable
[    0.000000] BIOS-e820: [mem 0x000000003fff0000-0x000000003fffffff] ACPI data
[    0.000000] BIOS-e820: [mem 0x00000000fec00000-0x00000000fec00fff] reserved
[    0.000000] BIOS-e820: [mem 0x00000000fee00000-0x00000000fee00fff] reserved
[    0.000000] BIOS-e820: [mem 0x00000000fffc0000-0x00000000ffffffff] reserved
[    0.000000] NX (Execute Disable) protection: active
[    0.000000] SMBIOS 2.5 present.
[    0.000000] Hypervisor detected: KVM
[    0.000000] e820: last_pfn = 0x3fff0 max_arch_pfn = 0x400000000
[    0.000000] MTRR: Disabled
[    0.000000] x86/PAT: MTRRs disabled, skipping PAT initialization too.
[    0.000000] CPU MTRRs all blank - virtualized system.
[    0.000000] x86/PAT: Configuration [0-7]: WB  WT  UC- UC  WB  WT  UC- UC  
[    0.000000] found SMP MP-table at [mem 0x0009fff0-0x0009ffff] mapped at [ffff88000009fff0]
[    0.000000] Scanning 1 areas for low memory corruption
[    0.000000] RAMDISK: [mem 0x362fa000-0x37174fff]
[    0.000000] ACPI: Early table checksum verification disabled
[    0.000000] ACPI: RSDP 0x00000000000E0000 000024 (v02 VBOX  )
[    0.000000] ACPI: XSDT 0x000000003FFF0030 00003C (v01 VBOX   VBOXXSDT 00000001 ASL  00000061)
[    0.000000] ACPI: FACP 0x000000003FFF00F0 0000F4 (v04 VBOX   VBOXFACP 00000001 ASL  00000061)
[    0.000000] ACPI: DSDT 0x000000003FFF0470 0022EA (v02 VBOX   VBOXBIOS 00000002 INTL 20100528)
[    0.000000] ACPI: FACS 0x000000003FFF0200 000040
[    0.000000] ACPI: FACS 0x000000003FFF0200 000040
[    0.000000] ACPI: APIC 0x000000003FFF0240 00005C (v02 VBOX   VBOXAPIC 00000001 ASL  00000061)
[    0.000000] ACPI: SSDT 0x000000003FFF02A0 0001CC (v01 VBOX   VBOXCPUT 00000002 INTL 20100528)
[    0.000000] No NUMA configuration found
[    0.000000] Faking a node at [mem 0x0000000000000000-0x000000003ffeffff]
[    0.000000] NODE_DATA(0) allocated [mem 0x3ffeb000-0x3ffeffff]
[    0.000000] kvm-clock: Using msrs 4b564d01 and 4b564d00
[    0.000000] kvm-clock: cpu 0, msr 0:3ffe3001, primary cpu clock
[    0.000000] kvm-clock: using sched offset of 4892433265 cycles
[    0.000000] clocksource: kvm-clock: mask: 0xffffffffffffffff max_cycles: 0x1cd42e4dffb, max_idle_ns: 881590591483 ns
[    0.000000] Zone ranges:
[    0.000000]   DMA      [mem 0x0000000000001000-0x0000000000ffffff]
[    0.000000]   DMA32    [mem 0x0000000001000000-0x000000003ffeffff]
[    0.000000]   Normal   empty
[    0.000000]   Device   empty
[    0.000000] Movable zone start for each node
[    0.000000] Early memory node ranges
[    0.000000]   node   0: [mem 0x0000000000001000-0x000000000009efff]
[    0.000000]   node   0: [mem 0x0000000000100000-0x000000003ffeffff]
[    0.000000] Initmem setup node 0 [mem 0x0000000000001000-0x000000003ffeffff]
[    0.000000] ACPI: PM-Timer IO Port: 0x4008
[    0.000000] IOAPIC[0]: apic_id 2, version 32, address 0xfec00000, GSI 0-23
[    0.000000] ACPI: INT_SRC_OVR (bus 0 bus_irq 0 global_irq 2 dfl dfl)
[    0.000000] ACPI: INT_SRC_OVR (bus 0 bus_irq 9 global_irq 9 low level)
[    0.000000] Using ACPI (MADT) for SMP configuration information
[    0.000000] smpboot: Allowing 2 CPUs, 0 hotplug CPUs
[    0.000000] PM: Registered nosave memory: [mem 0x00000000-0x00000fff]
[    0.000000] PM: Registered nosave memory: [mem 0x0009f000-0x0009ffff]
[    0.000000] PM: Registered nosave memory: [mem 0x000a0000-0x000effff]
[    0.000000] PM: Registered nosave memory: [mem 0x000f0000-0x000fffff]
[    0.000000] e820: [mem 0x40000000-0xfebfffff] available for PCI devices
[    0.000000] Booting paravirtualized kernel on KVM
[    0.000000] clocksource: refined-jiffies: mask: 0xffffffff max_cycles: 0xffffffff, max_idle_ns: 7645519600211568 ns
[    0.000000] setup_percpu: NR_CPUS:512 nr_cpumask_bits:512 nr_cpu_ids:2 nr_node_ids:1
[    0.000000] PERCPU: Embedded 33 pages/cpu @ffff88003fc00000 s95448 r8192 d31528 u1048576
[    0.000000] Built 1 zonelists in Node order, mobility grouping on.  Total pages: 257912
[    0.000000] Policy zone: DMA32
[    0.000000] Kernel command line: BOOT_IMAGE=/boot/vmlinuz-4.4.0-170-generic root=LABEL=cloudimg-rootfs ro console=tty1 console=ttyS0
[    0.000000] PID hash table entries: 4096 (order: 3, 32768 bytes)
[    0.000000] Memory: 997728K/1048120K available (8626K kernel code, 1336K rwdata, 4036K rodata, 1488K init, 1288K bss, 50392K reserved, 0K cma-reserved)
[    0.000000] SLUB: HWalign=64, Order=0-3, MinObjects=0, CPUs=2, Nodes=1
[    0.000000] Kernel/User page tables isolation: enabled
[    0.000000] Hierarchical RCU implementation.
[    0.000000] 	Build-time adjustment of leaf fanout to 64.
[    0.000000] 	RCU restricting CPUs from NR_CPUS=512 to nr_cpu_ids=2.
[    0.000000] RCU: Adjusting geometry for rcu_fanout_leaf=64, nr_cpu_ids=2
[    0.000000] NR_IRQS:33024 nr_irqs:440 16
[    0.000000] Console: colour VGA+ 80x25
[    0.000000] console [tty1] enabled
[    0.000000] console [ttyS0] enabled
[    0.000000] tsc: Detected 2712.006 MHz processor
[    0.269249] Calibrating delay loop (skipped) preset value.. 5424.01 BogoMIPS (lpj=10848024)
[    0.272754] pid_max: default: 32768 minimum: 301
[    0.274262] ACPI: Core revision 20150930
[    0.278058] ACPI: 2 ACPI AML tables successfully acquired and loaded
[    0.280177] Security Framework initialized
[    0.281312] Yama: becoming mindful.
[    0.282664] AppArmor: AppArmor initialized
[    0.283958] Dentry cache hash table entries: 131072 (order: 8, 1048576 bytes)
[    0.289536] Inode-cache hash table entries: 65536 (order: 7, 524288 bytes)
[    0.291979] Mount-cache hash table entries: 2048 (order: 2, 16384 bytes)
[    0.293908] Mountpoint-cache hash table entries: 2048 (order: 2, 16384 bytes)
[    0.296145] Initializing cgroup subsys io
[    0.297361] Initializing cgroup subsys memory
[    0.298580] Initializing cgroup subsys devices
[    0.299968] Initializing cgroup subsys freezer
[    0.301329] Initializing cgroup subsys net_cls
[    0.302640] Initializing cgroup subsys perf_event
[    0.304435] Initializing cgroup subsys net_prio
[    0.305877] Initializing cgroup subsys hugetlb
[    0.307217] Initializing cgroup subsys pids
[    0.310586] mce: CPU supports 0 MCE banks
[    0.311983] Last level iTLB entries: 4KB 64, 2MB 8, 4MB 8
[    0.314172] Last level dTLB entries: 4KB 64, 2MB 0, 4MB 0, 1GB 4
[    0.316360] Spectre V1 : Mitigation: usercopy/swapgs barriers and __user pointer sanitization
[    0.319107] Spectre V2 : Mitigation: Full generic retpoline
[    0.321066] Spectre V2 : Spectre v2 / SpectreRSB mitigation: Filling RSB on context switch
[    0.323503] Speculative Store Bypass: Vulnerable
[    0.325004] MDS: Vulnerable: Clear CPU buffers attempted, no microcode
[    0.330801] Freeing SMP alternatives memory: 36K
[    0.343700] ftrace: allocating 32302 entries in 127 pages
[    0.460021] smpboot: APIC(0) Converting physical 0 to logical package 0
[    0.465177] smpboot: Max logical packages: 1
[    0.468630] x2apic enabled
[    0.470880] Switched APIC routing to physical x2apic.
[    0.474455] ..TIMER: vector=0x30 apic1=0 pin1=2 apic2=-1 pin2=-1
[    0.584652] smpboot: CPU0: Intel(R) Core(TM) i5-7200U CPU @ 2.50GHz (family: 0x6, model: 0x8e, stepping: 0x9)
[    0.590012] Performance Events: unsupported p6 CPU model 142 no PMU driver, software events only.
[    0.611820] KVM setup paravirtual spinlock
[    0.615048] x86: Booting SMP configuration:
[    0.616770] .... node  #0, CPUs:      #1
[    0.618426] kvm-clock: cpu 1, msr 0:3ffe3041, secondary cpu clock
[    0.621758] mce: CPU supports 0 MCE banks
[    0.624733] x86: Booted up 1 node, 2 CPUs
[    0.626534] smpboot: Total of 2 processors activated (10848.02 BogoMIPS)
[    0.629242] devtmpfs: initialized
[    0.633009] evm: security.selinux
[    0.634080] evm: security.SMACK64
[    0.635251] evm: security.SMACK64EXEC
[    0.636325] evm: security.SMACK64TRANSMUTE
[    0.637754] evm: security.SMACK64MMAP
[    0.638990] evm: security.ima
[    0.640100] evm: security.capability
[    0.641567] clocksource: jiffies: mask: 0xffffffff max_cycles: 0xffffffff, max_idle_ns: 7645041785100000 ns
[    0.644965] futex hash table entries: 512 (order: 3, 32768 bytes)
[    0.647232] pinctrl core: initialized pinctrl subsystem
[    0.648744] RTC time: 15:02:51, date: 01/12/20
[    0.650398] NET: Registered protocol family 16
[    0.661292] cpuidle: using governor ladder
[    0.673732] cpuidle: using governor menu
[    0.675810] PCCT header not found.
[    0.677710] ACPI: bus type PCI registered
[    0.679504] acpiphp: ACPI Hot Plug PCI Controller Driver version: 0.5
[    0.682918] PCI: Using configuration type 1 for base access
[    0.699400] ACPI: Added _OSI(Module Device)
[    0.701385] ACPI: Added _OSI(Processor Device)
[    0.702961] ACPI: Added _OSI(3.0 _SCP Extensions)
[    0.704831] ACPI: Added _OSI(Processor Aggregator Device)
[    0.707713] ACPI: Executed 1 blocks of module-level executable AML code
[    0.715956] ACPI: Interpreter enabled
[    0.717471] ACPI: (supports S0 S5)
[    0.718864] ACPI: Using IOAPIC for interrupt routing
[    0.721397] PCI: Using host bridge windows from ACPI; if necessary, use "pci=nocrs" and report a bug
[    0.733381] ACPI: PCI Root Bridge [PCI0] (domain 0000 [bus 00-ff])
[    0.736241] acpi PNP0A03:00: _OSC: OS supports [ASPM ClockPM Segments MSI]
[    0.740357] acpi PNP0A03:00: _OSC: not requesting OS control; OS requires [ExtendedConfig ASPM ClockPM MSI]
[    0.744320] acpi PNP0A03:00: fail to add MMCONFIG information, can't access extended PCI configuration space under this bridge.
[    0.749660] PCI host bridge to bus 0000:00
[    0.751847] pci_bus 0000:00: root bus resource [io  0x0000-0x0cf7 window]
[    0.754844] pci_bus 0000:00: root bus resource [io  0x0d00-0xffff window]
[    0.757621] pci_bus 0000:00: root bus resource [mem 0x000a0000-0x000bffff window]
[    0.761078] pci_bus 0000:00: root bus resource [mem 0x40000000-0xfdffffff window]
[    0.764556] pci_bus 0000:00: root bus resource [bus 00-ff]
[    0.769442] pci 0000:00:01.1: legacy IDE quirk: reg 0x10: [io  0x01f0-0x01f7]
[    0.772731] pci 0000:00:01.1: legacy IDE quirk: reg 0x14: [io  0x03f6]
[    0.775468] pci 0000:00:01.1: legacy IDE quirk: reg 0x18: [io  0x0170-0x0177]
[    0.778466] pci 0000:00:01.1: legacy IDE quirk: reg 0x1c: [io  0x0376]
[    0.834551] pci 0000:00:07.0: quirk: [io  0x4000-0x403f] claimed by PIIX4 ACPI
[    0.837262] pci 0000:00:07.0: quirk: [io  0x4100-0x410f] claimed by PIIX4 SMB
[    0.857625] ACPI: PCI Interrupt Link [LNKA] (IRQs 5 9 10 *11)
[    0.860960] ACPI: PCI Interrupt Link [LNKB] (IRQs 5 9 *10 11)
[    0.864246] ACPI: PCI Interrupt Link [LNKC] (IRQs 5 *9 10 11)
[    0.867325] ACPI: PCI Interrupt Link [LNKD] (IRQs 5 9 10 *11)
[    0.870670] ACPI: Enabled 2 GPEs in block 00 to 07
[    0.873321] vgaarb: setting as boot device: PCI:0000:00:02.0
[    0.875528] vgaarb: device added: PCI:0000:00:02.0,decodes=io+mem,owns=io+mem,locks=none
[    0.878848] vgaarb: loaded
[    0.880060] vgaarb: bridge control possible 0000:00:02.0
[    0.882368] SCSI subsystem initialized
[    0.884165] ACPI: bus type USB registered
[    0.886089] usbcore: registered new interface driver usbfs
[    0.888002] usbcore: registered new interface driver hub
[    0.889839] usbcore: registered new device driver usb
[    0.892466] PCI: Using ACPI for IRQ routing
[    0.894674] NetLabel: Initializing
[    0.896056] NetLabel:  domain hash size = 128
[    0.897628] NetLabel:  protocols = UNLABELED CIPSOv4
[    0.903599] NetLabel:  unlabeled traffic allowed by default
[    0.905844] amd_nb: Cannot enumerate AMD northbridges
[    0.907709] clocksource: Switched to clocksource kvm-clock
[    0.927494] AppArmor: AppArmor Filesystem Enabled
[    0.929766] pnp: PnP ACPI init
[    0.932209] pnp: PnP ACPI: found 3 devices
[    0.945339] clocksource: acpi_pm: mask: 0xffffff max_cycles: 0xffffff, max_idle_ns: 2085701024 ns
[    0.948581] NET: Registered protocol family 2
[    0.950279] TCP established hash table entries: 8192 (order: 4, 65536 bytes)
[    0.952839] TCP bind hash table entries: 8192 (order: 5, 131072 bytes)
[    0.956457] TCP: Hash tables configured (established 8192 bind 8192)
[    0.958590] UDP hash table entries: 512 (order: 2, 16384 bytes)
[    0.960683] UDP-Lite hash table entries: 512 (order: 2, 16384 bytes)
[    0.963251] NET: Registered protocol family 1
[    0.965051] pci 0000:00:00.0: Limiting direct PCI/PCI transfers
[    0.967512] pci 0000:00:01.0: Activating ISA DMA hang workarounds
[    0.971673] Unpacking initramfs...
[    1.333180] Freeing initrd memory: 14828K
[    1.335059] clocksource: tsc: mask: 0xffffffffffffffff max_cycles: 0x27178c274f7, max_idle_ns: 440795238189 ns
[    1.338787] platform rtc_cmos: registered platform RTC device (no PNP device found)
[    1.341668] Scanning for low memory corruption every 60 seconds
[    1.344268] audit: initializing netlink subsys (disabled)
[    1.346173] audit: type=2000 audit(1578841378.165:1): initialized
[    1.348864] Initialise system trusted keyring
[    1.350803] HugeTLB registered 2 MB page size, pre-allocated 0 pages
[    1.356025] zbud: loaded
[    1.357786] VFS: Disk quotas dquot_6.6.0
[    1.359614] VFS: Dquot-cache hash table entries: 512 (order 0, 4096 bytes)
[    1.362595] squashfs: version 4.0 (2009/01/31) Phillip Lougher
[    1.365056] fuse init (API version 7.23)
[    1.366674] Key type big_key registered
[    1.368352] Allocating IMA MOK and blacklist keyrings.
[    1.374902] Key type asymmetric registered
[    1.376694] Asymmetric key parser 'x509' registered
[    1.378562] Block layer SCSI generic (bsg) driver version 0.4 loaded (major 249)
[    1.381667] io scheduler noop registered
[    1.383642] io scheduler deadline registered (default)
[    1.385640] io scheduler cfq registered
[    1.387287] pci_hotplug: PCI Hot Plug PCI Core version: 0.5
[    1.389423] pciehp: PCI Express Hot Plug Controller Driver version: 0.4
[    1.392103] ACPI: AC Adapter [AC] (off-line)
[    1.394282] input: Power Button as /devices/LNXSYSTM:00/LNXPWRBN:00/input/input0
[    1.397248] ACPI: Power Button [PWRF]
[    1.398767] input: Sleep Button as /devices/LNXSYSTM:00/LNXSLPBN:00/input/input1
[    1.401413] ACPI: Sleep Button [SLPF]
[    1.404751] GHES: HEST is not enabled!
[    1.406860] Serial: 8250/16550 driver, 32 ports, IRQ sharing enabled
[    1.408874] ACPI: Battery Slot [BAT0] (battery present)
[    1.432694] 00:02: ttyS0 at I/O 0x3f8 (irq = 4, base_baud = 115200) is a 16550A
[    1.437650] Linux agpgart interface v0.103
[    1.442860] loop: module loaded
[    1.445393] scsi host0: ata_piix
[    1.447203] scsi host1: ata_piix
[    1.448619] ata1: PATA max UDMA/33 cmd 0x1f0 ctl 0x3f6 bmdma 0xd000 irq 14
[    1.450705] ata2: PATA max UDMA/33 cmd 0x170 ctl 0x376 bmdma 0xd008 irq 15
[    1.453279] libphy: Fixed MDIO Bus: probed
[    1.454790] tun: Universal TUN/TAP device driver, 1.6
[    1.456738] tun: (C) 1999-2004 Max Krasnyansky <maxk@qualcomm.com>
[    1.458743] PPP generic driver version 2.4.2
[    1.461431] ehci_hcd: USB 2.0 'Enhanced' Host Controller (EHCI) Driver
[    1.463527] ehci-pci: EHCI PCI platform driver
[    1.465137] ehci-platform: EHCI generic platform driver
[    1.466861] ohci_hcd: USB 1.1 'Open' Host Controller (OHCI) Driver
[    1.469236] ohci-pci: OHCI PCI platform driver
[    1.471135] ohci-platform: OHCI generic platform driver
[    1.473026] uhci_hcd: USB Universal Host Controller Interface driver
[    1.475559] i8042: PNP: PS/2 Controller [PNP0303:PS2K,PNP0f03:PS2M] at 0x60,0x64 irq 1,12
[    1.479696] serio: i8042 KBD port at 0x60,0x64 irq 1
[    1.481481] serio: i8042 AUX port at 0x60,0x64 irq 12
[    1.484065] mousedev: PS/2 mouse device common for all mice
[    1.486584] rtc_cmos rtc_cmos: rtc core: registered rtc_cmos as rtc0
[    1.488782] rtc_cmos rtc_cmos: alarms up to one day, 114 bytes nvram
[    1.491354] i2c /dev entries driver
[    1.492994] input: AT Translated Set 2 keyboard as /devices/platform/i8042/serio0/input/input2
[    1.497357] device-mapper: uevent: version 1.0.3
[    1.499285] device-mapper: ioctl: 4.34.0-ioctl (2015-10-28) initialised: dm-devel@redhat.com
[    1.501935] ledtrig-cpu: registered to indicate activity on CPUs
[    1.504892] NET: Registered protocol family 10
[    1.507393] NET: Registered protocol family 17
[    1.508878] Key type dns_resolver registered
[    1.512399] registered taskstats version 1
[    1.516232] Loading compiled-in X.509 certificates
[    1.518422] Loaded X.509 cert 'Build time autogenerated kernel key: f0e56e97f406068ace47a9bf54316e9855aaaa43'
[    1.521882] zswap: loaded using pool lzo/zbud
[    1.527827] Key type trusted registered
[    1.538501] Key type encrypted registered
[    1.539969] AppArmor: AppArmor sha1 policy hashing enabled
[    1.542000] ima: No TPM chip found, activating TPM-bypass!
[    1.545148] ima: Allocated hash algorithm: sha1
[    1.546843] evm: HMAC attrs: 0x1
[    1.549091]   Magic number: 4:422:32
[    1.550731] rtc_cmos rtc_cmos: setting system clock to 2020-01-12 15:02:52 UTC (1578841372)
[    1.554126] BIOS EDD facility v0.16 2004-Jun-25, 0 devices found
[    1.556129] EDD information not available.
[    1.612041] Freeing unused kernel memory: 1488K
[    1.616615] Write protecting the kernel read-only data: 14336k
[    1.624121] Freeing unused kernel memory: 1604K
[    1.629862] Freeing unused kernel memory: 60K
Loading, please wait...
starting version 229
[    1.687572] random: systemd-udevd: uninitialized urandom read (16 bytes read, 3 bits of entropy available)
[    1.690107] random: udevadm: uninitialized urandom read (16 bytes read, 3 bits of entropy available)
[    1.690176] random: udevadm: uninitialized urandom read (16 bytes read, 3 bits of entropy available)
[    1.720775] random: systemd-udevd: uninitialized urandom read (16 bytes read, 3 bits of entropy available)
[    1.727695] random: udevadm: uninitialized urandom read (16 bytes read, 3 bits of entropy available)
[    1.728020] random: udevadm: uninitialized urandom read (16 bytes read, 3 bits of entropy available)
[    1.728287] random: udevadm: uninitialized urandom read (16 bytes read, 3 bits of entropy available)
[    1.728377] random: udevadm: uninitialized urandom read (16 bytes read, 3 bits of entropy available)
[    1.728468] random: udevadm: uninitialized urandom read (16 bytes read, 3 bits of entropy available)
[    1.728557] random: udevadm: uninitialized urandom read (16 bytes read, 3 bits of entropy available)
[    1.822733] e1000: Intel(R) PRO/1000 Network Driver - version 7.3.21-k8-NAPI
[    1.826018] e1000: Copyright (c) 1999-2006 Intel Corporation.
[    1.839033] Fusion MPT base driver 3.04.20
[    1.840580] Copyright (c) 1999-2008 LSI Corporation
[    1.877457] AVX2 version of gcm_enc/dec engaged.
[    1.881620] AES CTR mode by8 optimization enabled
[    1.906910] Fusion MPT SPI Host driver 3.04.20
[    2.047164] input: ImExPS/2 Generic Explorer Mouse as /devices/platform/i8042/serio1/input/input4
[    2.420228] e1000 0000:00:03.0 eth0: (PCI:33MHz:32-bit) 02:dd:45:a7:5d:a0
[    2.425587] e1000 0000:00:03.0 eth0: Intel(R) PRO/1000 Network Connection
[    2.991014] e1000 0000:00:08.0 eth1: (PCI:33MHz:32-bit) 08:00:27:af:f1:20
[    2.999650] e1000 0000:00:08.0 eth1: Intel(R) PRO/1000 Network Connection
[    3.010853] e1000 0000:00:03.0 enp0s3: renamed from eth0
[    3.020532] mptbase: ioc0: Initiating bringup
[    3.033479] e1000 0000:00:08.0 enp0s8: renamed from eth1
[    3.115225] ioc0: LSI53C1030 A0: Capabilities={Initiator}
[    4.023728] scsi host2: ioc0: LSI53C1030 A0, FwRev=00000000h, Ports=1, MaxQ=256, IRQ=20
[    4.613372] scsi 2:0:0:0: Direct-Access     VBOX     HARDDISK         1.0  PQ: 0 ANSI: 5
[    4.625215] scsi target2:0:0: Beginning Domain Validation
[    4.636836] scsi target2:0:0: Domain Validation skipping write tests
[    4.645381] scsi target2:0:0: Ending Domain Validation
[    4.652586] scsi target2:0:0: asynchronous
[    4.660266] scsi 2:0:1:0: Direct-Access     VBOX     HARDDISK         1.0  PQ: 0 ANSI: 5
[    4.670942] scsi target2:0:1: Beginning Domain Validation
[    4.753206] scsi target2:0:1: Domain Validation skipping write tests
[    4.761395] scsi target2:0:1: Ending Domain Validation
[    4.768344] scsi target2:0:1: asynchronous
[    4.811487] sd 2:0:0:0: [sda] 20971520 512-byte logical blocks: (10.7 GB/10.0 GiB)
[    4.811655] sd 2:0:0:0: Attached scsi generic sg0 type 0
[    4.813732] sd 2:0:1:0: [sdb] 20480 512-byte logical blocks: (10.5 MB/10.0 MiB)
[    4.814642] sd 2:0:1:0: [sdb] Write Protect is off
[    4.814981] sd 2:0:1:0: [sdb] Incomplete mode parameter data
[    4.814984] sd 2:0:1:0: [sdb] Assuming drive cache: write through
[    4.817682] sd 2:0:1:0: Attached scsi generic sg1 type 0
[    4.824587] sd 2:0:1:0: [sdb] Attached SCSI disk
[    4.845193] sd 2:0:0:0: [sda] Write Protect is off
[    4.848204] sd 2:0:0:0: [sda] Incomplete mode parameter data
[    4.851150] sd 2:0:0:0: [sda] Assuming drive cache: write through
[    4.856724]  sda: sda1
[    4.860677] sd 2:0:0:0: [sda] Attached SCSI disk
Begin: Loading essential drivers ... [    6.849098] md: linear personality registered for level -1
[    6.854746] md: multipath personality registered for level -4
[    6.862429] md: raid0 personality registered for level 0
[    6.870712] md: raid1 personality registered for level 1
[    6.944182] raid6: sse2x1   gen()  7123 MB/s
[    7.012539] raid6: sse2x1   xor()  5456 MB/s
[    7.079891] raid6: sse2x2   gen()  8894 MB/s
[    7.148221] raid6: sse2x2   xor()  5230 MB/s
[    7.215856] raid6: sse2x4   gen() 10440 MB/s
[    7.284329] raid6: sse2x4   xor()  6025 MB/s
[    7.352119] raid6: avx2x1   gen() 16336 MB/s
[    7.420482] raid6: avx2x2   gen() 14016 MB/s
[    7.488297] raid6: avx2x4   gen() 17041 MB/s
[    7.489937] raid6: using algorithm avx2x4 gen() 17041 MB/s
[    7.491936] raid6: using avx2x2 recovery algorithm
[    7.496335] xor: automatically using best checksumming function:
[    7.536247]    avx       : 16577.000 MB/sec
[    7.539902] async_tx: api initialized (async)
[    7.560828] md: raid6 personality registered for level 6
[    7.563347] md: raid5 personality registered for level 5
[    7.565184] md: raid4 personality registered for level 4
[    7.577809] md: raid10 personality registered for level 10
done.
Begin: Running /scripts/init-premount ... done.
Begin: Mounting root file system ... Begin: Running /scripts/local-top ... done.
Begin: Running /scripts/local-premount ... [    7.627134] Btrfs loaded
Scanning for Btrfs filesystems
done.
Warning: fsck not present, so skipping root file system
[    7.685394] EXT4-fs (sda1): mounted filesystem with ordered data mode. Opts: (null)
done.
Begin: Running /scripts/local-bottom ... done.
Begin: Running /scripts/init-bottom ... done.
[    7.842404] systemd[1]: systemd 229 running in system mode. (+PAM +AUDIT +SELINUX +IMA +APPARMOR +SMACK +SYSVINIT +UTMP +LIBCRYPTSETUP +GCRYPT +GNUTLS +ACL +XZ -LZ4 +SECCOMP +BLKID +ELFUTILS +KMOD -IDN)
[    7.850618] systemd[1]: Detected virtualization oracle.
[    7.854485] systemd[1]: Detected architecture x86-64.

Welcome to [1mUbuntu 16.04.6 LTS[0m!

[    7.864616] systemd[1]: Set hostname to <ubuntu>.
[    7.870479] systemd[1]: Initializing machine ID from random generator.
[    7.873187] systemd[1]: Installed transient /etc/machine-id file.
[    8.059573] systemd[1]: Listening on LVM2 metadata daemon socket.
[[0;32m  OK  [0m] Listening on LVM2 metadata daemon socket.
[    8.063389] systemd[1]: Listening on LVM2 poll daemon socket.
[[0;32m  OK  [0m] Listening on LVM2 poll daemon socket.
[    8.067905] systemd[1]: Listening on Syslog Socket.
[[0;32m  OK  [0m] Listening on Syslog Socket.
[    8.072075] systemd[1]: Created slice System Slice.
[[0;32m  OK  [0m] Created slice System Slice.
[    8.081093] systemd[1]: Created slice User and Session Slice.
[[0;32m  OK  [0m] Created slice User and Session Slice.
[    8.084225] systemd[1]: Listening on udev Control Socket.
[[0;32m  OK  [0m] Listening on udev Control Socket.
[    8.086747] systemd[1]: Started Forward Password Requests to Wall Directory Watch.
[[0;32m  OK  [0m] Started Forward Password Requests to Wall Directory Watch.
[    8.096186] systemd[1]: Reached target User and Group Name Lookups.
[[0;32m  OK  [0m] Reached target User and Group Name Lookups.
[    8.099443] systemd[1]: Reached target System Time Synchronized.
[[0;32m  OK  [0m] Reached target System Time Synchronized.
[    8.102505] systemd[1]: Listening on Journal Audit Socket.
[[0;32m  OK  [0m] Listening on Journal Audit Socket.
[    8.112922] systemd[1]: Reached target Swap.
[[0;32m  OK  [0m] Reached target Swap.
[    8.120951] systemd[1]: Set up automount Arbitrary Executable File Formats File System Automount Point.
[[0;32m  OK  [0m] Set up automount Arbitrary Executab...ats File System Automount Point.
[    8.126266] systemd[1]: Started Trigger resolvconf update for networkd DNS.
[[0;32m  OK  [0m] Started Trigger resolvconf update for networkd DNS.
[    8.129785] systemd[1]: Listening on Journal Socket.
[[0;32m  OK  [0m] Listening on Journal Socket.
[    8.148105] systemd[1]: Starting Uncomplicated firewall...
         Starting Uncomplicated firewall...
[    8.153543] systemd[1]: Starting Remount Root and Kernel File Systems...
         Starting Remount Root and Kernel File Systems...
[    8.159266] systemd[1]: Starting Load Kernel Modules...
         Starting Load Kernel Modules...
[    8.162893] EXT4-fs (sda1): re-mounted. Opts: (null)
[    8.166401] systemd[1]: Starting Nameserver information manager...
         Starting Nameserver information manager...
[    8.177367] systemd[1]: Mounting POSIX Message Queue File System...
[    8.180332] Loading iSCSI transport class v2.0-870.
         Mounting POSIX Message Queue File System...
[    8.185224] systemd[1]: Starting Set console keymap...
         Starting Set console keymap...
[    8.189577] systemd[1]: Mounting Huge Pages File System...
         Mounting Huge Pages File System...
[    8.195398] systemd[1]: Reached target Slices.
[[0;32m  OK  [0m] Reached target Slices.
[    8.201135] systemd[1]: Created slice system-serial\x2dgetty.slice.
[    8.203526] iscsi: registered transport (tcp)
[[0;32m  OK  [0m] Created slice system-serial\x2dgetty.slice.
[    8.208120] systemd[1]: Starting Create list of required static device nodes for the current kernel...
         Starting Create list of required st... nodes for the current kernel...
[    8.216098] systemd[1]: Listening on /dev/initctl Compatibility Named Pipe.
[[0;32m  OK  [0m] Listening on /dev/initctl Compatibility Named Pipe.
[    8.220545] systemd[1]: Listening on Journal Socket (/dev/log).
[[0;32m  OK  [0m] Listening on Journal Socket (/dev/log).
[    8.226642] systemd[1]: Starting Journal Service...
         Starting Journal Service...
[    8.232226] systemd[1]: Reached target Encrypted Volumes.
[[0;32m  OK  [0m] Reached target Encrypted Volumes.
[    8.239171] systemd[1]: Listening on Device-mapper event daemon FIFOs.
[[0;32m  OK  [0m] Listening on Device-mapper event daemon FIFOs.
[    8.264244] systemd[1]: Starting Monitoring of LVM2 mirrors, snapshots etc. using dmeventd or progress polling...
         Starting Monitoring of LVM2 mirrors... dmeventd or progress polling...
[    8.271374] systemd[1]: Listening on udev Kernel Socket.
[[0;32m  OK  [0m] Listening on udev Kernel Socket.
[    8.288268] systemd[1]: Mounting Debug File System...
         Mounting Debug File System...
[    8.304155] systemd[1]: Mounted POSIX Message Queue File System.
[[0;32m  OK  [0m] Mounted POSIX Message Queue File System.
[    8.309605] systemd[1]: Mounted Debug File System.
[[0;32m  OK  [0m] Mounted Debug File System.
[    8.314275] systemd[1]: Mounted Huge Pages File System.
[[0;32m  OK  [0m] Mounted Huge Pages File System.
[    8.319544] systemd[1]: Started Journal Service.
[[0;32m  OK  [0m] Started Journal Service.
[[0;32m  OK  [0m] Started Uncomplicated firewall.
[[0;32m  OK  [0m] Started Remount Root and Kernel File Systems.
[    8.340089] iscsi: registered transport (iser)
[[0;32m  OK  [0m] Started Load Kernel Modules.
[[0;32m  OK  [0m] Started Create list of required sta...ce nodes for the current kernel.
[[0;32m  OK  [0m] Started Nameserver information manager.
[[0;32m  OK  [0m] Started LVM2 metadata daemon.
         Starting Create Static Device Nodes in /dev...
         Starting Apply Kernel Variables...
         Mounting FUSE Control File System...
         Starting udev Coldplug all Devices...
         Starting Load/Save Random Seed...
         Starting Flush Journal to Persistent Storage...
[[0;32m  OK  [0m] Mounted FUSE Control File System.
[[0;32m  OK  [0m] Started Apply Kernel Variables.
[[0;32m  OK  [0m] Started Load/Save Random Seed.
[[0;32m  OK  [0m] Started Flush Journal to Persistent Storage.
[[0;32m  OK  [0m] Started Create Static Device Nodes in /dev.
         Starting udev Kernel Device Manager...
[[0;32m  OK  [0m] Started Set console keymap.
[[0;32m  OK  [0m] Started udev Coldplug all Devices.
[[0;32m  OK  [0m] Started udev Kernel Device Manager.
[[0;32m  OK  [0m] Started Dispatch Password Requests to Console Directory Watch.
[[0;32m  OK  [0m] Started Monitoring of LVM2 mirrors,...ng dmeventd or progress polling.
[[0;32m  OK  [0m] Reached target Local File Systems (Pre).
[[0;32m  OK  [0m] Reached target Local File Systems.
         Starting Commit a transient machine-id on disk...
         Starting LSB: AppArmor initialization...
         Starting Create Volatile Files and Directories...
         Starting Tell Plymouth To Write Out Runtime Data...
         Starting Initial cloud-init job (pre-networking)...
         Starting Set console font and keymap...
[[0;32m  OK  [0m] Started Create Volatile Files and Directories.
         Starting Update UTMP about System Boot/Shutdown...
[[0;32m  OK  [0m] Started Tell Plymouth To Write Out Runtime Data.
[[0;32m  OK  [0m] Started Update UTMP about System Boot/Shutdown.
[[0;32m  OK  [0m] Started Commit a transient machine-id on disk.
[[0;32m  OK  [0m] Found device /dev/ttyS0.
[[0;32m  OK  [0m] Listening on Load/Save RF Kill Switch Status /dev/rfkill Watch.
[   10.985282] [cloud-init[487]: [0;32m  OK  [0mCloud-init v. 19.2-36-g059d049c-0ubuntu2~16.04.1 running 'init-local' at Sun, 12 Jan 2020 15:03:01 +0000. Up 10.13 seconds.] 
Started Initial cloud-init job (pre-networking).
[[0;32m  OK  [0m] Reached target Network (Pre).
[[0;32m  OK  [0m] Started LSB: AppArmor initialization.
         Starting Raise network interfaces...
[[0;32m  OK  [0m] Started Set console font and keymap.
[[0;32m  OK  [0m] Created slice system-getty.slice.
[[0;32m  OK  [0m] Started Raise network interfaces.
[[0;32m  OK  [0m] Reached target Network.
         Starting Initial cloud-init job (metadata service crawler)...
[   14.299118] cloud-init[965]: Cloud-init v. 19.2-36-g059d049c-0ubuntu2~16.04.1 running 'init' at Sun, 12 Jan 2020 15:03:04 +0000. Up 13.57 seconds.
[   14.301525] cloud-init[965]: ci-info: ++++++++++++++++++++++++++++++++++++++Net device info+++++++++++++++++++++++++++++++++++++++
[   14.305719] cloud-init[965]: ci-info: +--------+-------+----------------------------+---------------+--------+-------------------+
[   14.308976] cloud-init[965]: ci-info: | Device |   Up  |          Address           |      Mask     | Scope  |     Hw-Address    |
[   14.312463] cloud-init[965]: ci-info: +--------+-------+----------------------------+---------------+--------+-------------------+
[   14.315910] cloud-init[965]: ci-info: | enp0s3 |  True |         10.0.2.15          | 255.255.255.0 | global | 02:dd:45:a7:5d:a0 |
[   14.319869] cloud-init[965]: ci-info: | enp0s3 |  True | fe80::dd:45ff:fea7:5da0/64 |       .       |  link  | 02:dd:45:a7:5d:a0 |
[   14.324669] cloud-init[965]: ci-info: | enp0s8 | False |             .              |       .       |   .    | 08:00:27:af:f1:20 |
[   14.328026] cloud-init[965]: ci-info: |   lo   |  True |         127.0.0.1          |   255.0.0.0   |  host  |         .         |
[   14.332484] cloud-init[965]: ci-info: |   lo   |  True |          ::1/128           |       .       |  host  |         .         |
[   14.336995] cloud-init[965]: ci-info: +--------+-------+----------------------------+---------------+--------+-------------------+
[   14.340776] cloud-init[965]: ci-info: +++++++++++++++++++++++++++Route IPv4 info++++++++++++++++++++++++++++
[   14.346070] cloud-init[965]: ci-info: +-------+-------------+----------+---------------+-----------+-------+
[   14.356696] cloud-init[965]: ci-info: | Route | Destination | Gateway  |    Genmask    | Interface | Flags |
[   14.365386] cloud-init[965]: ci-info: +-------+-------------+----------+---------------+-----------+-------+
[   14.368563] cloud-init[965]: ci-info: |   0   |   0.0.0.0   | 10.0.2.2 |    0.0.0.0    |   enp0s3  |   UG  |
[   14.372596] cloud-init[965]: ci-info: |   1   |   10.0.2.0  | 0.0.0.0  | 255.255.255.0 |   enp0s3  |   U   |
[   14.380756] cloud-init[965]: ci-info: +-------+-------------+----------+---------------+-----------+-------+
[   14.384090] cloud-init[965]: ci-info: +++++++++++++++++++Route IPv6 info+++++++++++++++++++
[   14.392813] cloud-init[965]: ci-info: +-------+-------------+---------+-----------+-------+
[   14.400823] cloud-init[965]: ci-info: | Route | Destination | Gateway | Interface | Flags |
[   14.403144] cloud-init[965]: ci-info: +-------+-------------+---------+-----------+-------+
[   14.404813] cloud-init[965]: ci-info: |   0   |  fe80::/64  |    ::   |   enp0s3  |   U   |
[   14.413598] cloud-init[965]: ci-info: |   4   |   ff00::/8  |    ::   |   enp0s3  |   U   |
[   14.416098] cloud-init[965]: ci-info: +-------+-------------+---------+-----------+-------+
[   14.418456] cloud-init[965]: Generating public/private rsa key pair.
[   14.420090] cloud-init[965]: Your identification has been saved in /etc/ssh/ssh_host_rsa_key.
[   14.428929] cloud-init[965]: Your public key has been saved in /etc/ssh/ssh_host_rsa_key.pub.
[   14.437100] cloud-init[965]: The key fingerprint is:
[   14.437895] cloud-init[965]: SHA256:OtwSZK0OPF6ST7+dzvhYFZ5Jq/YAuokl2I8ws6V7aKA root@ubuntu-xenial
[   14.438601] cloud-init[965]: The key's randomart image is:
[   14.439940] cloud-init[965]: +---[RSA 2048]----+
[   14.440904] cloud-init[965]: |                 |
[   14.441783] cloud-init[965]: |       .         |
[[0;32m  OK  [0m] Started Initial cloud-init job (metadata service crawler).
[   14.442182] cloud-init[965]: |      o .   o    |
[   14.442399] cloud-init[965]: |   . + .   o =   |
[   14.443211] cloud-init[965]: |    * = S   *    |
[   14.444272] cloud-init[965]: |.  + X * . o     |
[   14.445696] cloud-init[965]: |..=.= X o =      |
[   14.446620] cloud-init[965]: |E oB.* = O +     |
[   14.448037] cloud-init[965]: | .+oo + +o* .    |
[   14.448727] cloud-init[965]: +----[SHA256]-----+
[   14.450032] cloud-init[965]: Generating public/private dsa key pair.
[   14.450793] cloud-init[965]: Your identification has been saved in /etc/ssh/ssh_host_dsa_key.
[   14.452253] cloud-init[965]: Your public key has been saved in /etc/ssh/ssh_host_dsa_key.pub.
[   14.453041] cloud-init[965]: The key fingerprint is:
[   14.468755] cloud-init[965]: SHA256:pw8l4b5KAx4QlfEGAmEi59y3d9vmJJ2XxzUjihVm/cA root@ubuntu-xenial
[   14.471350] cloud-init[[0;32m  OK  [0m] Reached target Network is Online.
[965]: The key's randomart image is:
[   14.473971] cloud-init[965]: +---[DSA 1024]----+
[   14.475333] cloud-init[965]: |=++.+o           |
[   14.476569] cloud-init[965]: |++ +.o      o    |
[   14.477689] cloud-init[965]: |  + . + .  + E   |
[   14.478775] cloud-init[965]: |   . o o .o . o  |
[   14.479869] cloud-init[965]: |    o . S +. . +.|
[   14.481056] cloud-init[965]: |   . o o *o+...o+|
[   14.482245] cloud-init[965]: |    . o +.o.* o o|
[   14.483390] cloud-init[965]: |     . . + = . . |
[   14.484721] cloud-init[965]: |      ... . .    |
[   14.485992] cloud-init[965]: +----[SHA256]-----+
[   14.487181] cloud-init[965]: Generating public/private ecdsa key pair.
[   14.488792] cloud-init[965]: Your identification has been saved in /etc/ssh/ssh_host_ecdsa_key.
[   14.490412] cloud-init[965]: Your public key has been saved in /etc/ssh/ssh_host_ecdsa_key.pub.
[   14.492168]          Starting iSCSI initiator daemon (iscsid)...
[[0;32m  OK  [0m] Reached target System Initialization.
[[0;32m  OK  [0m] Started Daily Cleanup of Temporary Directories.
[[0;32m  OK  [0m] Listening on D-Bus System Message Bus Socket.
[[0;32m  OK  [0m] Listening on UUID daemon activation socket.
[[0;32m  OK  [0m] Started Daily apt download activities.
[[0;32m  OK  [0m] Started Daily apt upgrade and clean activities.
         Starting Socket activation for snappy daemon.
cloud-init[965]: The key fingerprint is:
[   14.504391]          Starting LXD - unix socket.
cloud-init[965]: SHA256:QMmiJzs/4CWE/vuzl+lfDuDTdXWWtb8Y3x7Y95fjZR4 root@ubuntu-xenial
[[0;32m  OK  [0m] Started ACPI Events Check.
[[0;32m  OK  [0m] Reached target Paths.
[[0;32m  OK  [0m] Started Message of the Day.
[[0;32m  OK  [0m] Reached target Timers.
[[0;32m  OK  [0m] Listening on ACPID Listen Socket.
[[0;32m  OK  [0m] Reached target Cloud-config availability.
[   14.512875] cloud-init[965]: The key's randomart image is:
[[0;32m  OK  [0m] Listening on Socket activation for snappy daemon.
[[0;32m  OK  [0m] Listening on LXD - unix socket.
[[0;32m  OK  [0m] Reached target Sockets.
[[0;32m  OK  [0m[   14.529163] cloud-init] Reached target Basic System.
[965]: +---[ECDSA 256]---+
[   14.539268] cloud-init[965]: |     ...        .|
[[0;32m  OK  [0m] Started Regular background program processing daemon.
[[0;32m  OK  [0m] Started Deferred execution scheduler.
[[0;32m  OK  [0m] Started D-Bus System Message Bus.
[   14.550657] cloud-init[965]: |    ..o         +|
[   14.553018] cloud-init[965]: | . . ..        +o|
[   14.555429] cloud-init[965]: |. + .  .      ..o|
[   14.562889] cloud-init[965]: |.. +   .S  . o  .|
[   14.567682] cloud-init[965]: | .= . . o . . * o|
[   14.573141] cloud-init[965]: | ..*   ooo . o E*|
[   14.578364] cloud-init[965]: |  ..o. +. +    *B|
[   14.583255] cloud-init[965]: |   .o+=... .  ..*|
[   14.588365] cloud-init[965]: +----[SHA256]-----+
[   14.596623] cloud-init[965]: Generating public/private ed25519 key pair.
[   14.598959] cloud-init[965]: Your identification has been saved in /etc/ssh/ssh_host_ed25519_key.
[   14.601223] cloud-init[965]: Your public key has been saved in /etc/ssh/ssh_host_ed25519_key.pub.
[   14.603296] cloud-init[965]: The key fingerprint is:
[   14.604813] cloud-init[965]: SHA256:3xyntF44tv47/Js1cHPgN4mU43nwUdLgU8S7TMCADgA root@ubuntu-xenial
[   14.607071] cloud-init[965]: The key's randomart image is:
[   14.608965] cloud-init[965]: +--[ED25519 256]--+
[   14.610534] cloud-init[965]: |   E...   ..o o=+|
[   14.613582] cloud-init[965]: |       . .   +.o+|[[0;32m  OK  [0m] Started ACPI event daemon.

[   14.623272] cloud-init[965]: |        o    ==..|
         Starting Virtualbox guest utils...
[   14.631931] cloud-init[965]: |         .  o.*=o|
         Starting Pollinate to seed the pseudo random number generator...
[[   14.639998] cloud-init[965]: |        S   o==B+|
[   14.644648] cloud-init[965]: |         . + *+++|
[   14.647418] cloud-init[965]: |          . O....|
[   14.647505] cloud-init[965]: |           o +o +|
[0;32m  OK  [0m] Started FUSE filesystem for LXC.
         Starting LSB: Record successful boot for GRUB...
         Starting Login Service...
[   14.647597] cloud-init[965]: |           .+.o*o|
         Starting System Logging Service...
         Starting LXD - container startup/shutdown...[   14.659773] cloud-init[965]: +----[SHA256]-----+

         Starting LSB: MD monitoring daemon...
         Starting Accounts Service...
         Starting /etc/rc.local Compatibility...
         Starting Snappy daemon...
[[0;32m  OK  [0m] Started iSCSI initiator daemon (iscsid).
[[0;32m  OK  [0m] Started /etc/rc.local Compatibility.
         Starting Login to default iSCSI targets...
[[0;32m  OK  [0m] Started Login Service.
[[0;32m  OK  [0m] Started Unattended Upgrades Shutdown.
[[0;32m  OK  [0m] Started Login to default iSCSI targets.
[[0;32m  OK  [0m] Reached target Remote File Systems (Pre).
[[0;32m  OK  [0m] Reached target Remote File Systems.
         Starting LSB: Set the CPU Frequency Scaling governor to "ondemand"...
         Starting LSB: daemon to balance interrupts for SMP systems...
         Starting Permit User Sessions...
         Starting LSB: automatic crash report generation...
[[0;32m  OK  [0m] Started Permit User Sessions.
[[0;32m  OK  [0m] Started System Logging Service.
         Starting Terminate Plymouth Boot Screen...
         Starting Hold until boot process finishes up...
[[0;32m  OK  [0m] Started Terminate Plymouth Boot Screen.
[[0;32m  OK  [0m] Started Hold until boot process finishes up.
[[0;32m  OK  [0m] Started LSB: Set the CPU Frequency Scaling governor to "ondemand".
[[0;32m  OK  [0m] Started Serial Getty on ttyS0.
         Starting Set console scheme...
[[0;32m  OK  [0m] Started Getty on tty1.
[[0;32m  OK  [0m] Reached target Login Prompts.
[[0;32m  OK  [0m] Started LSB: Record successful boot for GRUB.
[[0;32m  OK  [0m] Started LSB: MD monitoring daemon.
[[0;32m  OK  [0m] Started LSB: daemon to balance interrupts for SMP systems.
[[0;32m  OK  [0m] Started LSB: automatic crash report generation.
[[0;32m  OK  [0m] Started Set console scheme.
         Starting Authenticate and Authorize Users to Run Privileged Tasks...
[[0;32m  OK  [0m] Started Authenticate and Authorize Users to Run Privileged Tasks.
[[0;32m  OK  [0m] Started LXD - container startup/shutdown.
[[0;32m  OK  [0m] Started Accounts Service.
[[0;32m  OK  [0m] Started Virtualbox guest utils.
[[0;32m  OK  [0m] Started Snappy daemon.
         Starting Wait until snapd is fully seeded...
[[0;32m  OK  [0m] Started Pollinate to seed the pseudo random number generator.
         Starting OpenBSD Secure Shell server...
[[0;32m  OK  [0m] Started OpenBSD Secure Shell server.
[[0;32m  OK  [0m] Started Wait until snapd is fully seeded.
         Starting Apply the settings specified in cloud-config...
[[0;32m  OK  [0m] Reached target Multi-User System.
[[0;32m  OK  [0m] Reached target Graphical Interface.
         Starting Update UTMP about System Runlevel Changes...
[[0;32m  OK  [0m] Started Update UTMP about System Runlevel Changes.
[   18.064387] cloud-init[1328]: Generating locales (this might take a while)...
[[0;32m  OK  [0m] Created slice User Slice of vagrant.
         Starting User Manager for UID 1000...
[[0;32m  OK  [0m] Started Session 1 of user vagrant.
[[0;32m  OK  [0m] Started User Manager for UID 1000.
[   20.230352] cloud-init[1328]:   en_US.UTF-8... done
[   20.232507] cloud-init[1328]: Generation complete.
[   20.871014] cloud-init[1328]: Cloud-init v. 19.2-36-g059d049c-0ubuntu2~16.04.1 running 'modules:config' at Sun, 12 Jan 2020 15:03:09 +0000. Up 17.78 seconds.

Ubuntu 16.04.6 LTS ubuntu-xenial ttyS0

ubuntu-xenial login: ci-info: no authorized ssh keys fingerprints found for user ubuntu.
<14>Jan 12 15:03:13 ec2: 
<14>Jan 12 15:03:13 ec2: #############################################################
<14>Jan 12 15:03:13 ec2: -----BEGIN SSH HOST KEY FINGERPRINTS-----
<14>Jan 12 15:03:13 ec2: 1024 SHA256:pw8l4b5KAx4QlfEGAmEi59y3d9vmJJ2XxzUjihVm/cA root@ubuntu-xenial (DSA)
<14>Jan 12 15:03:13 ec2: 256 SHA256:QMmiJzs/4CWE/vuzl+lfDuDTdXWWtb8Y3x7Y95fjZR4 root@ubuntu-xenial (ECDSA)
<14>Jan 12 15:03:13 ec2: 256 SHA256:3xyntF44tv47/Js1cHPgN4mU43nwUdLgU8S7TMCADgA root@ubuntu-xenial (ED25519)
<14>Jan 12 15:03:13 ec2: 2048 SHA256:OtwSZK0OPF6ST7+dzvhYFZ5Jq/YAuokl2I8ws6V7aKA root@ubuntu-xenial (RSA)
<14>Jan 12 15:03:13 ec2: -----END SSH HOST KEY FINGERPRINTS-----
<14>Jan 12 15:03:13 ec2: #############################################################
-----BEGIN SSH HOST KEY KEYS-----
ecdsa-sha2-nistp256 AAAAE2VjZHNhLXNoYTItbmlzdHAyNTYAAAAIbmlzdHAyNTYAAABBBCydj95ifmSf4GB4GrW/PXlxC9SIVRpWg2sJPnpP8TGl6h1fpUzoNOG54SMovz4B2Zxo9b9FLAda9qH4oyttq9E= root@ubuntu-xenial
ssh-ed25519 AAAAC3NzaC1lZDI1NTE5AAAAIIdThRNY8siLJewSBkm7J6o9awT6KMAtR/M0epzmCah3 root@ubuntu-xenial
ssh-rsa AAAAB3NzaC1yc2EAAAADAQABAAABAQDSGgY3cqWb879ccAzRYJ1AegLCbHIYHudq0iuesXIBGUMBDS/N5frsrSEVIbAQ/0Nfl8a4MIQchsSqfwcPwEibgtnCmVuM7g+tVbLLPV3IeILBgoN86imkoaca3hDJx6KBZkhGRDzAxCCf6ARW/RLC1hdy6d9xPSg+hsbi+S04k+LQVBa6f3g1gW3HMxZvz5brYH6+1C4/T6gXBZoS0+27Q6uj10tBOXhIOao2t4nc/wSIyBtY7gU9quCRSJkXQQF4CWAlh8HyScLWRC8iSirANi2ZB9/5LDElH585YPjKpc21s7ppDkv/Niy0KdC2h0Cj10bk89xPHp7lm2Tmk/XB root@ubuntu-xenial
-----END SSH HOST KEY KEYS-----
[   22.193550] cloud-init[1465]: Cloud-init v. 19.2-36-g059d049c-0ubuntu2~16.04.1 running 'modules:final' at Sun, 12 Jan 2020 15:03:13 +0000. Up 21.86 seconds.
[   22.208841] cloud-init[1465]: ci-info: no authorized ssh keys fingerprints found for user ubuntu.
[   22.209221] cloud-init[1465]: Cloud-init v. 19.2-36-g059d049c-0ubuntu2~16.04.1 finished at Sun, 12 Jan 2020 15:03:13 +0000. Datasource DataSourceNoCloud [seed=/dev/sdb][dsmode=net].  Up 22.16 seconds
